<?xml version="1.0" encoding="UTF-8"?>
<robot generator="Robot 3.2.1 (Python 3.8.3 on win32)" generated="20200728 06:59:03.877" rpa="false">
<suite id="s1" name="Login" source="C:\Roboweek\ninjachef\mobile\tests\login.robot">
<test id="s1-t1" name="Acessar o cardapio">
<kw name="Open Session" library="base" type="setup">
<kw name="Open Application" library="AppiumLibrary">
<doc>Opens a new application to given Appium server.
Capabilities of appium server, Android and iOS,
Please check https://github.com/appium/appium/blob/master/docs/en/writing-running-appium/server-args.md
| *Option*            | *Man.* | *Description*     |
| remote_url          | Yes    | Appium server url |
| alias               | no     | alias             |</doc>
<arguments>
<arg>http://localhost:4723/wd/hub</arg>
<arg>automationName=UiAutomator2</arg>
<arg>platformName=Android</arg>
<arg>deviceName=Emulator</arg>
<arg>app=${EXECDIR}/app/ninjachef.apk</arg>
<arg>udid=emulator-5554</arg>
<arg>adbExecTimeout=120000</arg>
</arguments>
<status status="PASS" starttime="20200728 06:59:04.297" endtime="20200728 06:59:38.153"></status>
</kw>
<status status="PASS" starttime="20200728 06:59:04.296" endtime="20200728 06:59:38.153"></status>
</kw>
<kw name="Dado que desejo comer &quot;Massas&quot;" library="kws">
<kw name="Set Test Variable" library="BuiltIn">
<doc>Makes a variable available everywhere within the scope of the current test.</doc>
<arguments>
<arg>${prato}</arg>
</arguments>
<msg timestamp="20200728 06:59:38.186" level="INFO">${prato} = Massas</msg>
<status status="PASS" starttime="20200728 06:59:38.184" endtime="20200728 06:59:38.186"></status>
</kw>
<status status="PASS" starttime="20200728 06:59:38.183" endtime="20200728 06:59:38.187"></status>
</kw>
<kw name="Quando submeto meu email &quot;mariamorais@gmail.com&quot;" library="kws">
<kw name="Wait Until Page Contains" library="AppiumLibrary">
<doc>Waits until `text` appears on current page.</doc>
<arguments>
<arg>Buscar Prato</arg>
<arg>30</arg>
</arguments>
<status status="PASS" starttime="20200728 06:59:38.189" endtime="20200728 06:59:50.457"></status>
</kw>
<kw name="Input Text" library="AppiumLibrary">
<doc>Types the given `text` into text field identified by `locator`.</doc>
<arguments>
<arg>accessibility_id=emailInput</arg>
<arg>${email}</arg>
</arguments>
<msg timestamp="20200728 06:59:50.461" level="INFO">Typing text 'mariamorais@gmail.com' into text field 'accessibility_id=emailInput'</msg>
<status status="PASS" starttime="20200728 06:59:50.457" endtime="20200728 06:59:51.300"></status>
</kw>
<kw name="Input Text" library="AppiumLibrary">
<doc>Types the given `text` into text field identified by `locator`.</doc>
<arguments>
<arg>accessibility_id=plateInput</arg>
<arg>${prato}</arg>
</arguments>
<msg timestamp="20200728 06:59:51.304" level="INFO">Typing text 'Massas' into text field 'accessibility_id=plateInput'</msg>
<status status="PASS" starttime="20200728 06:59:51.300" endtime="20200728 06:59:51.918"></status>
</kw>
<kw name="Click Text" library="AppiumLibrary">
<doc>Click text identified by ``text``.</doc>
<arguments>
<arg>Buscar Prato</arg>
</arguments>
<status status="PASS" starttime="20200728 06:59:51.918" endtime="20200728 06:59:52.931"></status>
</kw>
<status status="PASS" starttime="20200728 06:59:38.188" endtime="20200728 06:59:52.931"></status>
</kw>
<kw name="Então devo ver a lista de pratos por tipo" library="kws">
<kw name="Wait Until Page Contains" library="AppiumLibrary">
<doc>Waits until `text` appears on current page.</doc>
<arguments>
<arg>Fome de ${prato}</arg>
</arguments>
<status status="PASS" starttime="20200728 06:59:52.933" endtime="20200728 06:59:55.563"></status>
</kw>
<status status="PASS" starttime="20200728 06:59:52.932" endtime="20200728 06:59:55.563"></status>
</kw>
<kw name="Close Session" library="base" type="teardown">
<kw name="Capture Page Screenshot" library="AppiumLibrary">
<doc>Takes a screenshot of the current page and embeds it into the log.</doc>
<msg timestamp="20200728 06:59:57.273" level="INFO" html="yes">&lt;/td&gt;&lt;/tr&gt;&lt;tr&gt;&lt;td colspan="3"&gt;&lt;a href="appium-screenshot-1.png"&gt;&lt;img src="appium-screenshot-1.png" width="800px"&gt;&lt;/a&gt;</msg>
<status status="PASS" starttime="20200728 06:59:55.565" endtime="20200728 06:59:57.273"></status>
</kw>
<kw name="Close Application" library="AppiumLibrary">
<doc>Closes the current application and also close webdriver session.</doc>
<status status="PASS" starttime="20200728 06:59:57.274" endtime="20200728 07:00:03.336"></status>
</kw>
<status status="PASS" starttime="20200728 06:59:55.565" endtime="20200728 07:00:03.336"></status>
</kw>
<status status="PASS" starttime="20200728 06:59:04.294" endtime="20200728 07:00:03.339" critical="yes"></status>
</test>
<doc>Testes do login no NinjaChef Mobile</doc>
<status status="PASS" starttime="20200728 06:59:03.881" endtime="20200728 07:00:03.350"></status>
</suite>
<statistics>
<total>
<stat pass="1" fail="0">Critical Tests</stat>
<stat pass="1" fail="0">All Tests</stat>
</total>
<tag>
</tag>
<suite>
<stat pass="1" fail="0" id="s1" name="Login">Login</stat>
</suite>
</statistics>
<errors>
</errors>
</robot>
